This file contains any messages produced by compilers while
running configure, to aid debugging if configure makes a mistake.

It was created by RNGSTREAMS configure 1.0.1, which was
generated by GNU Autoconf 2.69.  Invocation command line was

  $ /tmp/squeeze/lib/rngstreams/configure --no-create --no-recursion

## --------- ##
## Platform. ##
## --------- ##

hostname = voyager
uname -m = x86_64
uname -r = 4.10.13-1-ARCH
uname -s = Linux
uname -v = #1 SMP PREEMPT Thu Apr 27 12:15:09 CEST 2017

/usr/bin/uname -p = unknown
/bin/uname -X     = unknown

/bin/arch              = unknown
/usr/bin/arch -k       = unknown
/usr/convex/getsysinfo = unknown
/usr/bin/hostinfo      = unknown
/bin/machine           = unknown
/usr/bin/oslevel       = unknown
/bin/universe          = unknown

PATH: /usr/lib/hardening-wrapper/bin
PATH: /usr/local/sbin
PATH: /usr/local/bin
PATH: /usr/bin
PATH: /usr/lib/jvm/default/bin
PATH: /usr/bin/site_perl
PATH: /usr/bin/vendor_perl
PATH: /usr/bin/core_perl


## ----------- ##
## Core tests. ##
## ----------- ##

configure:2655: checking for a BSD-compatible install
configure:2723: result: /usr/bin/install -c
configure:2734: checking whether build environment is sane
configure:2771: result: yes
configure:2796: checking for a thread-safe mkdir -p
configure:2835: result: /usr/bin/mkdir -p
configure:2848: checking for gawk
configure:2864: found /usr/bin/gawk
configure:2875: result: gawk
configure:2886: checking whether make sets $(MAKE)
configure:2908: result: yes
configure:3098: checking if malloc debugging is wanted
configure:3116: result: no
configure:3122: checking whether make sets $(MAKE)
configure:3144: result: yes
configure:3158: checking build system type
configure:3172: result: x86_64-unknown-linux-gnu
configure:3192: checking host system type
configure:3205: result: x86_64-unknown-linux-gnu
configure:3274: checking for gcc
configure:3290: found /usr/lib/hardening-wrapper/bin/gcc
configure:3301: result: gcc
configure:3530: checking for C compiler version
configure:3539: gcc --version >&5
gcc (GCC) 7.1.1 20170516
Copyright (C) 2017 Free Software Foundation, Inc.
This is free software; see the source for copying conditions.  There is NO
warranty; not even for MERCHANTABILITY or FITNESS FOR A PARTICULAR PURPOSE.

configure:3550: $? = 0
configure:3539: gcc -v >&5
Using built-in specs.
COLLECT_GCC=/usr/bin/gcc
COLLECT_LTO_WRAPPER=/usr/lib/gcc/x86_64-pc-linux-gnu/7.1.1/lto-wrapper
Target: x86_64-pc-linux-gnu
Configured with: /build/gcc/src/gcc/configure --prefix=/usr --libdir=/usr/lib --libexecdir=/usr/lib --mandir=/usr/share/man --infodir=/usr/share/info --with-bugurl=https://bugs.archlinux.org/ --enable-languages=c,c++,ada,fortran,go,lto,objc,obj-c++ --enable-shared --enable-threads=posix --enable-libmpx --with-system-zlib --with-isl --enable-__cxa_atexit --disable-libunwind-exceptions --enable-clocale=gnu --disable-libstdcxx-pch --disable-libssp --enable-gnu-unique-object --enable-linker-build-id --enable-lto --enable-plugin --enable-install-libiberty --with-linker-hash-style=gnu --enable-gnu-indirect-function --disable-multilib --disable-werror --enable-checking=release
Thread model: posix
gcc version 7.1.1 20170516 (GCC) 
configure:3550: $? = 0
configure:3539: gcc -V >&5
gcc: error: unrecognized command line option '-V'
gcc: fatal error: no input files
compilation terminated.
configure:3550: $? = 1
configure:3539: gcc -qversion >&5
gcc: error: unrecognized command line option '-qversion'; did you mean '--version'?
gcc: fatal error: no input files
compilation terminated.
configure:3550: $? = 1
configure:3570: checking whether the C compiler works
configure:3592: gcc    conftest.c  >&5
configure:3596: $? = 0
configure:3644: result: yes
configure:3647: checking for C compiler default output file name
configure:3649: result: a.out
configure:3655: checking for suffix of executables
configure:3662: gcc -o conftest    conftest.c  >&5
configure:3666: $? = 0
configure:3688: result: 
configure:3710: checking whether we are cross compiling
configure:3718: gcc -o conftest    conftest.c  >&5
configure:3722: $? = 0
configure:3729: ./conftest
configure:3733: $? = 0
configure:3748: result: no
configure:3753: checking for suffix of object files
configure:3775: gcc -c   conftest.c >&5
configure:3779: $? = 0
configure:3800: result: o
configure:3804: checking whether we are using the GNU C compiler
configure:3823: gcc -c   conftest.c >&5
configure:3823: $? = 0
configure:3832: result: yes
configure:3841: checking whether gcc accepts -g
configure:3861: gcc -c -g  conftest.c >&5
configure:3861: $? = 0
configure:3902: result: yes
configure:3919: checking for gcc option to accept ISO C89
configure:3982: gcc  -c -g -O2  conftest.c >&5
configure:3982: $? = 0
configure:3995: result: none needed
configure:4026: checking for style of include used by make
configure:4054: result: GNU
configure:4079: checking dependency style of gcc
configure:4170: result: gcc3
configure:4190: checking how to run the C preprocessor
configure:4221: gcc -E  conftest.c
configure:4221: $? = 0
configure:4235: gcc -E  conftest.c
conftest.c:11:10: fatal error: ac_nonexistent.h: No such file or directory
 #include <ac_nonexistent.h>
          ^~~~~~~~~~~~~~~~~~
compilation terminated.
configure:4235: $? = 1
configure: failed program was:
| /* confdefs.h */
| #define PACKAGE_NAME "RNGSTREAMS"
| #define PACKAGE_TARNAME "rngstreams"
| #define PACKAGE_VERSION "1.0.1"
| #define PACKAGE_STRING "RNGSTREAMS 1.0.1"
| #define PACKAGE_BUGREPORT "unuran@statistik.wu-wien.ac.at"
| #define PACKAGE_URL ""
| #define PACKAGE "rngstreams"
| #define VERSION "1.0.1"
| /* end confdefs.h.  */
| #include <ac_nonexistent.h>
configure:4260: result: gcc -E
configure:4280: gcc -E  conftest.c
configure:4280: $? = 0
configure:4294: gcc -E  conftest.c
conftest.c:11:10: fatal error: ac_nonexistent.h: No such file or directory
 #include <ac_nonexistent.h>
          ^~~~~~~~~~~~~~~~~~
compilation terminated.
configure:4294: $? = 1
configure: failed program was:
| /* confdefs.h */
| #define PACKAGE_NAME "RNGSTREAMS"
| #define PACKAGE_TARNAME "rngstreams"
| #define PACKAGE_VERSION "1.0.1"
| #define PACKAGE_STRING "RNGSTREAMS 1.0.1"
| #define PACKAGE_BUGREPORT "unuran@statistik.wu-wien.ac.at"
| #define PACKAGE_URL ""
| #define PACKAGE "rngstreams"
| #define VERSION "1.0.1"
| /* end confdefs.h.  */
| #include <ac_nonexistent.h>
configure:4323: checking whether ln -s works
configure:4327: result: yes
configure:4377: checking for ar
configure:4393: found /usr/bin/ar
configure:4404: result: ar
configure:4470: checking for ranlib
configure:4486: found /usr/bin/ranlib
configure:4497: result: ranlib
configure:4592: checking for a sed that does not truncate output
configure:4648: result: /usr/bin/sed
configure:4651: checking for grep that handles long lines and -e
configure:4709: result: /usr/bin/grep
configure:4714: checking for egrep
configure:4776: result: /usr/bin/grep -E
configure:4792: checking for ld used by gcc
configure:4859: result: /usr/lib/hardening-wrapper/bin/ld
configure:4866: checking if the linker (/usr/lib/hardening-wrapper/bin/ld) is GNU ld
configure:4881: result: yes
configure:4886: checking for /usr/lib/hardening-wrapper/bin/ld option to reload object files
configure:4893: result: -r
configure:4911: checking for BSD-compatible nm
configure:4960: result: /usr/bin/nm -B
configure:4964: checking how to recognize dependent libraries
configure:5150: result: pass_all
configure:5239: gcc -c -g -O2  conftest.c >&5
configure:5242: $? = 0
configure:5366: checking for ANSI C header files
configure:5386: gcc -c -g -O2  conftest.c >&5
configure:5386: $? = 0
configure:5459: gcc -o conftest -g -O2   conftest.c  >&5
configure:5459: $? = 0
configure:5459: ./conftest
configure:5459: $? = 0
configure:5470: result: yes
configure:5483: checking for sys/types.h
configure:5483: gcc -c -g -O2  conftest.c >&5
configure:5483: $? = 0
configure:5483: result: yes
configure:5483: checking for sys/stat.h
configure:5483: gcc -c -g -O2  conftest.c >&5
configure:5483: $? = 0
configure:5483: result: yes
configure:5483: checking for stdlib.h
configure:5483: gcc -c -g -O2  conftest.c >&5
configure:5483: $? = 0
configure:5483: result: yes
configure:5483: checking for string.h
configure:5483: gcc -c -g -O2  conftest.c >&5
configure:5483: $? = 0
configure:5483: result: yes
configure:5483: checking for memory.h
configure:5483: gcc -c -g -O2  conftest.c >&5
configure:5483: $? = 0
configure:5483: result: yes
configure:5483: checking for strings.h
configure:5483: gcc -c -g -O2  conftest.c >&5
configure:5483: $? = 0
configure:5483: result: yes
configure:5483: checking for inttypes.h
configure:5483: gcc -c -g -O2  conftest.c >&5
configure:5483: $? = 0
configure:5483: result: yes
configure:5483: checking for stdint.h
configure:5483: gcc -c -g -O2  conftest.c >&5
configure:5483: $? = 0
configure:5483: result: yes
configure:5483: checking for unistd.h
configure:5483: gcc -c -g -O2  conftest.c >&5
configure:5483: $? = 0
configure:5483: result: yes
configure:5497: checking dlfcn.h usability
configure:5497: gcc -c -g -O2  conftest.c >&5
configure:5497: $? = 0
configure:5497: result: yes
configure:5497: checking dlfcn.h presence
configure:5497: gcc -E  conftest.c
configure:5497: $? = 0
configure:5497: result: yes
configure:5497: checking for dlfcn.h
configure:5497: result: yes
configure:5565: checking for g++
configure:5581: found /usr/lib/hardening-wrapper/bin/g++
configure:5592: result: g++
configure:5619: checking for C++ compiler version
configure:5628: g++ --version >&5
g++ (GCC) 7.1.1 20170516
Copyright (C) 2017 Free Software Foundation, Inc.
This is free software; see the source for copying conditions.  There is NO
warranty; not even for MERCHANTABILITY or FITNESS FOR A PARTICULAR PURPOSE.

configure:5639: $? = 0
configure:5628: g++ -v >&5
Using built-in specs.
COLLECT_GCC=/usr/bin/g++
COLLECT_LTO_WRAPPER=/usr/lib/gcc/x86_64-pc-linux-gnu/7.1.1/lto-wrapper
Target: x86_64-pc-linux-gnu
Configured with: /build/gcc/src/gcc/configure --prefix=/usr --libdir=/usr/lib --libexecdir=/usr/lib --mandir=/usr/share/man --infodir=/usr/share/info --with-bugurl=https://bugs.archlinux.org/ --enable-languages=c,c++,ada,fortran,go,lto,objc,obj-c++ --enable-shared --enable-threads=posix --enable-libmpx --with-system-zlib --with-isl --enable-__cxa_atexit --disable-libunwind-exceptions --enable-clocale=gnu --disable-libstdcxx-pch --disable-libssp --enable-gnu-unique-object --enable-linker-build-id --enable-lto --enable-plugin --enable-install-libiberty --with-linker-hash-style=gnu --enable-gnu-indirect-function --disable-multilib --disable-werror --enable-checking=release
Thread model: posix
gcc version 7.1.1 20170516 (GCC) 
configure:5639: $? = 0
configure:5628: g++ -V >&5
g++: error: unrecognized command line option '-V'
g++: fatal error: no input files
compilation terminated.
configure:5639: $? = 1
configure:5628: g++ -qversion >&5
g++: error: unrecognized command line option '-qversion'; did you mean '--version'?
g++: fatal error: no input files
compilation terminated.
configure:5639: $? = 1
configure:5643: checking whether we are using the GNU C++ compiler
configure:5662: g++ -c   conftest.cpp >&5
configure:5662: $? = 0
configure:5671: result: yes
configure:5680: checking whether g++ accepts -g
configure:5700: g++ -c -g  conftest.cpp >&5
configure:5700: $? = 0
configure:5741: result: yes
configure:5766: checking dependency style of g++
configure:5857: result: gcc3
configure:5882: checking how to run the C++ preprocessor
configure:5909: g++ -E  conftest.cpp
configure:5909: $? = 0
configure:5923: g++ -E  conftest.cpp
conftest.cpp:22:10: fatal error: ac_nonexistent.h: No such file or directory
 #include <ac_nonexistent.h>
          ^~~~~~~~~~~~~~~~~~
compilation terminated.
configure:5923: $? = 1
configure: failed program was:
| /* confdefs.h */
| #define PACKAGE_NAME "RNGSTREAMS"
| #define PACKAGE_TARNAME "rngstreams"
| #define PACKAGE_VERSION "1.0.1"
| #define PACKAGE_STRING "RNGSTREAMS 1.0.1"
| #define PACKAGE_BUGREPORT "unuran@statistik.wu-wien.ac.at"
| #define PACKAGE_URL ""
| #define PACKAGE "rngstreams"
| #define VERSION "1.0.1"
| #define STDC_HEADERS 1
| #define HAVE_SYS_TYPES_H 1
| #define HAVE_SYS_STAT_H 1
| #define HAVE_STDLIB_H 1
| #define HAVE_STRING_H 1
| #define HAVE_MEMORY_H 1
| #define HAVE_STRINGS_H 1
| #define HAVE_INTTYPES_H 1
| #define HAVE_STDINT_H 1
| #define HAVE_UNISTD_H 1
| #define HAVE_DLFCN_H 1
| /* end confdefs.h.  */
| #include <ac_nonexistent.h>
configure:5948: result: g++ -E
configure:5968: g++ -E  conftest.cpp
configure:5968: $? = 0
configure:5982: g++ -E  conftest.cpp
conftest.cpp:22:10: fatal error: ac_nonexistent.h: No such file or directory
 #include <ac_nonexistent.h>
          ^~~~~~~~~~~~~~~~~~
compilation terminated.
configure:5982: $? = 1
configure: failed program was:
| /* confdefs.h */
| #define PACKAGE_NAME "RNGSTREAMS"
| #define PACKAGE_TARNAME "rngstreams"
| #define PACKAGE_VERSION "1.0.1"
| #define PACKAGE_STRING "RNGSTREAMS 1.0.1"
| #define PACKAGE_BUGREPORT "unuran@statistik.wu-wien.ac.at"
| #define PACKAGE_URL ""
| #define PACKAGE "rngstreams"
| #define VERSION "1.0.1"
| #define STDC_HEADERS 1
| #define HAVE_SYS_TYPES_H 1
| #define HAVE_SYS_STAT_H 1
| #define HAVE_STDLIB_H 1
| #define HAVE_STRING_H 1
| #define HAVE_MEMORY_H 1
| #define HAVE_STRINGS_H 1
| #define HAVE_INTTYPES_H 1
| #define HAVE_STDINT_H 1
| #define HAVE_UNISTD_H 1
| #define HAVE_DLFCN_H 1
| /* end confdefs.h.  */
| #include <ac_nonexistent.h>
configure:6066: checking for g77
configure:6096: result: no
configure:6066: checking for xlf
configure:6096: result: no
configure:6066: checking for f77
configure:6096: result: no
configure:6066: checking for frt
configure:6096: result: no
configure:6066: checking for pgf77
configure:6096: result: no
configure:6066: checking for cf77
configure:6096: result: no
configure:6066: checking for fort77
configure:6096: result: no
configure:6066: checking for fl32
configure:6096: result: no
configure:6066: checking for af77
configure:6096: result: no
configure:6066: checking for xlf90
configure:6096: result: no
configure:6066: checking for f90
configure:6096: result: no
configure:6066: checking for pgf90
configure:6096: result: no
configure:6066: checking for pghpf
configure:6096: result: no
configure:6066: checking for epcf90
configure:6096: result: no
configure:6066: checking for gfortran
configure:6082: found /usr/bin/gfortran
configure:6093: result: gfortran
configure:6119: checking for Fortran 77 compiler version
configure:6128: gfortran --version >&5
GNU Fortran (GCC) 7.1.1 20170516
Copyright (C) 2017 Free Software Foundation, Inc.
This is free software; see the source for copying conditions.  There is NO
warranty; not even for MERCHANTABILITY or FITNESS FOR A PARTICULAR PURPOSE.

configure:6139: $? = 0
configure:6128: gfortran -v >&5
Using built-in specs.
COLLECT_GCC=gfortran
COLLECT_LTO_WRAPPER=/usr/lib/gcc/x86_64-pc-linux-gnu/7.1.1/lto-wrapper
Target: x86_64-pc-linux-gnu
Configured with: /build/gcc/src/gcc/configure --prefix=/usr --libdir=/usr/lib --libexecdir=/usr/lib --mandir=/usr/share/man --infodir=/usr/share/info --with-bugurl=https://bugs.archlinux.org/ --enable-languages=c,c++,ada,fortran,go,lto,objc,obj-c++ --enable-shared --enable-threads=posix --enable-libmpx --with-system-zlib --with-isl --enable-__cxa_atexit --disable-libunwind-exceptions --enable-clocale=gnu --disable-libstdcxx-pch --disable-libssp --enable-gnu-unique-object --enable-linker-build-id --enable-lto --enable-plugin --enable-install-libiberty --with-linker-hash-style=gnu --enable-gnu-indirect-function --disable-multilib --disable-werror --enable-checking=release
Thread model: posix
gcc version 7.1.1 20170516 (GCC) 
configure:6139: $? = 0
configure:6128: gfortran -V >&5
gfortran: error: unrecognized command line option '-V'
gfortran: fatal error: no input files
compilation terminated.
configure:6139: $? = 1
configure:6128: gfortran -qversion >&5
gfortran: error: unrecognized command line option '-qversion'; did you mean '--version'?
gfortran: fatal error: no input files
compilation terminated.
configure:6139: $? = 1
configure:6148: checking whether we are using the GNU Fortran 77 compiler
configure:6161: gfortran -c  conftest.F >&5
configure:6161: $? = 0
configure:6170: result: yes
configure:6176: checking whether gfortran accepts -g
configure:6187: gfortran -c -g conftest.f >&5
configure:6187: $? = 0
configure:6195: result: yes
configure:6228: checking the maximum length of command line arguments
configure:6340: result: 1572864
configure:6352: checking command to parse /usr/bin/nm -B output from gcc object
configure:6457: gcc -c -g -O2  conftest.c >&5
configure:6460: $? = 0
configure:6464: /usr/bin/nm -B conftest.o \| sed -n -e 's/^.*[ 	]\([ABCDGIRSTW][ABCDGIRSTW]*\)[ 	][ 	]*\([_A-Za-z][_A-Za-z0-9]*\)$/\1 \2 \2/p' \> conftest.nm
configure:6467: $? = 0
configure:6519: gcc -o conftest -g -O2   conftest.c conftstm.o >&5
configure:6522: $? = 0
configure:6560: result: ok
configure:6564: checking for objdir
configure:6579: result: .libs
configure:6671: checking for ar
configure:6698: result: ar
configure:6763: checking for ranlib
configure:6790: result: ranlib
configure:6855: checking for strip
configure:6871: found /usr/bin/strip
configure:6882: result: strip
configure:7394: checking for correct ltmain.sh version
configure:7424: result: yes
configure:7484: checking if gcc supports -fno-rtti -fno-exceptions
configure:7502: gcc -c -g -O2  -fno-rtti -fno-exceptions conftest.c >&5
cc1: warning: command line option '-fno-rtti' is valid for C++/ObjC++ but not for C
configure:7506: $? = 0
configure:7519: result: no
configure:7534: checking for gcc option to produce PIC
configure:7766: result: -fPIC
configure:7774: checking if gcc PIC flag -fPIC works
configure:7792: gcc -c -g -O2  -fPIC -DPIC conftest.c >&5
configure:7796: $? = 0
configure:7809: result: yes
configure:7837: checking if gcc static flag -static works
configure:7865: result: yes
configure:7875: checking if gcc supports -c -o file.o
configure:7896: gcc -c -g -O2  -o out/conftest2.o conftest.c >&5
configure:7900: $? = 0
configure:7922: result: yes
configure:7948: checking whether the gcc linker (/usr/lib/hardening-wrapper/bin/ld -m elf_x86_64) supports shared libraries
configure:8874: result: yes
configure:8941: checking dynamic linker characteristics
configure:9556: result: GNU/Linux ld.so
configure:9580: checking how to hardcode library paths into programs
configure:9605: result: immediate
configure:9619: checking whether stripping libraries is possible
configure:9624: result: yes
configure:10141: checking if libtool supports shared libraries
configure:10143: result: yes
configure:10146: checking whether to build shared libraries
configure:10167: result: no
configure:10170: checking whether to build static libraries
configure:10174: result: yes
configure:10268: creating libtool
configure:10857: checking for ld used by g++
configure:10924: result: /usr/lib/hardening-wrapper/bin/ld -m elf_x86_64
configure:10931: checking if the linker (/usr/lib/hardening-wrapper/bin/ld -m elf_x86_64) is GNU ld
configure:10946: result: yes
configure:10997: checking whether the g++ linker (/usr/lib/hardening-wrapper/bin/ld -m elf_x86_64) supports shared libraries
configure:11889: result: yes
configure:11906: g++ -c -g -O2  conftest.cpp >&5
configure:11909: $? = 0
configure:12065: checking for g++ option to produce PIC
configure:12349: result: -fPIC
configure:12357: checking if g++ PIC flag -fPIC works
configure:12375: g++ -c -g -O2  -fPIC -DPIC conftest.cpp >&5
configure:12379: $? = 0
configure:12392: result: yes
configure:12420: checking if g++ static flag -static works
configure:12448: result: yes
configure:12458: checking if g++ supports -c -o file.o
configure:12479: g++ -c -g -O2  -o out/conftest2.o conftest.cpp >&5
configure:12483: $? = 0
configure:12505: result: yes
configure:12531: checking whether the g++ linker (/usr/lib/hardening-wrapper/bin/ld -m elf_x86_64) supports shared libraries
configure:12557: result: yes
configure:12624: checking dynamic linker characteristics
configure:13187: result: GNU/Linux ld.so
configure:13211: checking how to hardcode library paths into programs
configure:13236: result: immediate
configure:13775: checking if libtool supports shared libraries
configure:13777: result: yes
configure:13780: checking whether to build shared libraries
configure:13800: result: no
configure:13803: checking whether to build static libraries
configure:13807: result: yes
configure:13817: checking for gfortran option to produce PIC
configure:14049: result: -fPIC
configure:14057: checking if gfortran PIC flag -fPIC works
configure:14075: gfortran -c -g -O2 -fPIC conftest.f >&5
configure:14079: $? = 0
configure:14092: result: yes
configure:14120: checking if gfortran static flag -static works
configure:14148: result: no
configure:14158: checking if gfortran supports -c -o file.o
configure:14179: gfortran -c -g -O2 -o out/conftest2.o conftest.f >&5
configure:14183: $? = 0
configure:14205: result: yes
configure:14231: checking whether the gfortran linker (/usr/lib/hardening-wrapper/bin/ld -m elf_x86_64) supports shared libraries
configure:15145: result: yes
configure:15212: checking dynamic linker characteristics
configure:15775: result: GNU/Linux ld.so
configure:15799: checking how to hardcode library paths into programs
configure:15824: result: immediate
configure:19381: checking for ANSI C header files
configure:19485: result: yes
configure:19496: checking limits.h usability
configure:19496: gcc -c -g -O2  conftest.c >&5
configure:19496: $? = 0
configure:19496: result: yes
configure:19496: checking limits.h presence
configure:19496: gcc -E  conftest.c
configure:19496: $? = 0
configure:19496: result: yes
configure:19496: checking for limits.h
configure:19496: result: yes
configure:19496: checking malloc.h usability
configure:19496: gcc -c -g -O2  conftest.c >&5
configure:19496: $? = 0
configure:19496: result: yes
configure:19496: checking malloc.h presence
configure:19496: gcc -E  conftest.c
configure:19496: $? = 0
configure:19496: result: yes
configure:19496: checking for malloc.h
configure:19496: result: yes
configure:19496: checking sys/time.h usability
configure:19496: gcc -c -g -O2  conftest.c >&5
configure:19496: $? = 0
configure:19496: result: yes
configure:19496: checking sys/time.h presence
configure:19496: gcc -E  conftest.c
configure:19496: $? = 0
configure:19496: result: yes
configure:19496: checking for sys/time.h
configure:19496: result: yes
configure:19507: checking for an ANSI C-conforming const
configure:19573: gcc -c -g -O2  conftest.c >&5
configure:19573: $? = 0
configure:19580: result: yes
configure:19588: checking for size_t
configure:19588: gcc -c -g -O2  conftest.c >&5
configure:19588: $? = 0
configure:19588: gcc -c -g -O2  conftest.c >&5
conftest.c: In function 'main':
conftest.c:62:21: error: expected expression before ')' token
 if (sizeof ((size_t)))
                     ^
configure:19588: $? = 1
configure: failed program was:
| /* confdefs.h */
| #define PACKAGE_NAME "RNGSTREAMS"
| #define PACKAGE_TARNAME "rngstreams"
| #define PACKAGE_VERSION "1.0.1"
| #define PACKAGE_STRING "RNGSTREAMS 1.0.1"
| #define PACKAGE_BUGREPORT "unuran@statistik.wu-wien.ac.at"
| #define PACKAGE_URL ""
| #define PACKAGE "rngstreams"
| #define VERSION "1.0.1"
| #define STDC_HEADERS 1
| #define HAVE_SYS_TYPES_H 1
| #define HAVE_SYS_STAT_H 1
| #define HAVE_STDLIB_H 1
| #define HAVE_STRING_H 1
| #define HAVE_MEMORY_H 1
| #define HAVE_STRINGS_H 1
| #define HAVE_INTTYPES_H 1
| #define HAVE_STDINT_H 1
| #define HAVE_UNISTD_H 1
| #define HAVE_DLFCN_H 1
| #define STDC_HEADERS 1
| #define HAVE_LIMITS_H 1
| #define HAVE_MALLOC_H 1
| #define HAVE_SYS_TIME_H 1
| /* end confdefs.h.  */
| #include <stdio.h>
| #ifdef HAVE_SYS_TYPES_H
| # include <sys/types.h>
| #endif
| #ifdef HAVE_SYS_STAT_H
| # include <sys/stat.h>
| #endif
| #ifdef STDC_HEADERS
| # include <stdlib.h>
| # include <stddef.h>
| #else
| # ifdef HAVE_STDLIB_H
| #  include <stdlib.h>
| # endif
| #endif
| #ifdef HAVE_STRING_H
| # if !defined STDC_HEADERS && defined HAVE_MEMORY_H
| #  include <memory.h>
| # endif
| # include <string.h>
| #endif
| #ifdef HAVE_STRINGS_H
| # include <strings.h>
| #endif
| #ifdef HAVE_INTTYPES_H
| # include <inttypes.h>
| #endif
| #ifdef HAVE_STDINT_H
| # include <stdint.h>
| #endif
| #ifdef HAVE_UNISTD_H
| # include <unistd.h>
| #endif
| int
| main ()
| {
| if (sizeof ((size_t)))
| 	    return 0;
|   ;
|   return 0;
| }
configure:19588: result: yes
configure:19599: checking for inline
configure:19615: gcc -c -g -O2  conftest.c >&5
configure:19615: $? = 0
configure:19623: result: inline
configure:19777: creating ./config.status

## ---------------- ##
## Cache variables. ##
## ---------------- ##

ac_cv_build=x86_64-unknown-linux-gnu
ac_cv_c_compiler_gnu=yes
ac_cv_c_const=yes
ac_cv_c_inline=inline
ac_cv_cxx_compiler_gnu=yes
ac_cv_env_CCC_set=
ac_cv_env_CCC_value=
ac_cv_env_CC_set=
ac_cv_env_CC_value=
ac_cv_env_CFLAGS_set=
ac_cv_env_CFLAGS_value=
ac_cv_env_CPPFLAGS_set=
ac_cv_env_CPPFLAGS_value=
ac_cv_env_CPP_set=
ac_cv_env_CPP_value=
ac_cv_env_CXXCPP_set=
ac_cv_env_CXXCPP_value=
ac_cv_env_CXXFLAGS_set=
ac_cv_env_CXXFLAGS_value=
ac_cv_env_CXX_set=
ac_cv_env_CXX_value=
ac_cv_env_F77_set=
ac_cv_env_F77_value=
ac_cv_env_FFLAGS_set=
ac_cv_env_FFLAGS_value=
ac_cv_env_LDFLAGS_set=
ac_cv_env_LDFLAGS_value=
ac_cv_env_LIBS_set=
ac_cv_env_LIBS_value=
ac_cv_env_build_alias_set=
ac_cv_env_build_alias_value=
ac_cv_env_host_alias_set=
ac_cv_env_host_alias_value=
ac_cv_env_target_alias_set=
ac_cv_env_target_alias_value=
ac_cv_f77_compiler_gnu=yes
ac_cv_header_dlfcn_h=yes
ac_cv_header_inttypes_h=yes
ac_cv_header_limits_h=yes
ac_cv_header_malloc_h=yes
ac_cv_header_memory_h=yes
ac_cv_header_stdc=yes
ac_cv_header_stdint_h=yes
ac_cv_header_stdlib_h=yes
ac_cv_header_string_h=yes
ac_cv_header_strings_h=yes
ac_cv_header_sys_stat_h=yes
ac_cv_header_sys_time_h=yes
ac_cv_header_sys_types_h=yes
ac_cv_header_unistd_h=yes
ac_cv_host=x86_64-unknown-linux-gnu
ac_cv_objext=o
ac_cv_path_EGREP='/usr/bin/grep -E'
ac_cv_path_GREP=/usr/bin/grep
ac_cv_path_install='/usr/bin/install -c'
ac_cv_path_mkdir=/usr/bin/mkdir
ac_cv_prog_AWK=gawk
ac_cv_prog_CPP='gcc -E'
ac_cv_prog_CXXCPP='g++ -E'
ac_cv_prog_ac_ct_AR=ar
ac_cv_prog_ac_ct_CC=gcc
ac_cv_prog_ac_ct_CXX=g++
ac_cv_prog_ac_ct_F77=gfortran
ac_cv_prog_ac_ct_RANLIB=ranlib
ac_cv_prog_ac_ct_STRIP=strip
ac_cv_prog_cc_c89=
ac_cv_prog_cc_g=yes
ac_cv_prog_cxx_g=yes
ac_cv_prog_f77_g=yes
ac_cv_prog_make_make_set=yes
ac_cv_type_size_t=yes
am_cv_CC_dependencies_compiler_type=gcc3
am_cv_CXX_dependencies_compiler_type=gcc3
lt_cv_deplibs_check_method=pass_all
lt_cv_file_magic_cmd='$MAGIC_CMD'
lt_cv_file_magic_test_file=
lt_cv_ld_reload_flag=-r
lt_cv_objdir=.libs
lt_cv_path_LD=/usr/lib/hardening-wrapper/bin/ld
lt_cv_path_LDCXX='/usr/lib/hardening-wrapper/bin/ld -m elf_x86_64'
lt_cv_path_NM='/usr/bin/nm -B'
lt_cv_path_SED=/usr/bin/sed
lt_cv_prog_compiler_c_o=yes
lt_cv_prog_compiler_c_o_CXX=yes
lt_cv_prog_compiler_c_o_F77=yes
lt_cv_prog_compiler_pic_works=yes
lt_cv_prog_compiler_pic_works_CXX=yes
lt_cv_prog_compiler_pic_works_F77=yes
lt_cv_prog_compiler_rtti_exceptions=no
lt_cv_prog_compiler_static_works=yes
lt_cv_prog_compiler_static_works_CXX=yes
lt_cv_prog_compiler_static_works_F77=no
lt_cv_prog_gnu_ld=yes
lt_cv_prog_gnu_ldcxx=yes
lt_cv_sys_global_symbol_pipe='sed -n -e '\''s/^.*[ 	]\([ABCDGIRSTW][ABCDGIRSTW]*\)[ 	][ 	]*\([_A-Za-z][_A-Za-z0-9]*\)$/\1 \2 \2/p'\'''
lt_cv_sys_global_symbol_to_c_name_address='sed -n -e '\''s/^: \([^ ]*\) $/  {\"\1\", (lt_ptr) 0},/p'\'' -e '\''s/^[BCDEGRST] \([^ ]*\) \([^ ]*\)$/  {"\2", (lt_ptr) \&\2},/p'\'''
lt_cv_sys_global_symbol_to_cdecl='sed -n -e '\''s/^. .* \(.*\)$/extern int \1;/p'\'''
lt_cv_sys_lib_dlsearch_path_spec='/lib /usr/lib /usr/lib/libfakeroot /usr/lib/ /usr/lib/ffmpeg2.8/ /usr/lib/julia /usr/lib32 /usr/lib/octave/4.2.1 /usr/lib/opencollada /usr/lib/openmpi '
lt_cv_sys_lib_search_path_spec='/usr/lib/hardening-wrapper/bin /usr/lib/gcc/x86_64-pc-linux-gnu/7.1.1 /usr/lib /lib'
lt_cv_sys_max_cmd_len=1572864
lt_lt_cv_prog_compiler_c_o='"yes"'
lt_lt_cv_prog_compiler_c_o_CXX='"yes"'
lt_lt_cv_prog_compiler_c_o_F77='"yes"'
lt_lt_cv_sys_global_symbol_pipe='"sed -n -e '\''s/^.*[ 	]\\([ABCDGIRSTW][ABCDGIRSTW]*\\)[ 	][ 	]*\\([_A-Za-z][_A-Za-z0-9]*\\)\$/\\1 \\2 \\2/p'\''"'
lt_lt_cv_sys_global_symbol_to_c_name_address='"sed -n -e '\''s/^: \\([^ ]*\\) \$/  {\\\"\\1\\\", (lt_ptr) 0},/p'\'' -e '\''s/^[BCDEGRST] \\([^ ]*\\) \\([^ ]*\\)\$/  {\"\\2\", (lt_ptr) \\&\\2},/p'\''"'
lt_lt_cv_sys_global_symbol_to_cdecl='"sed -n -e '\''s/^. .* \\(.*\\)\$/extern int \\1;/p'\''"'

## ----------------- ##
## Output variables. ##
## ----------------- ##

ACLOCAL='${SHELL} /tmp/squeeze/lib/rngstreams/missing --run aclocal-1.10'
AMDEPBACKSLASH='\'
AMDEP_FALSE='#'
AMDEP_TRUE=''
AMTAR='${SHELL} /tmp/squeeze/lib/rngstreams/missing --run tar'
AM_CFLAGS='-Wall'
AR='ar'
AUTOCONF='${SHELL} /tmp/squeeze/lib/rngstreams/missing --run autoconf'
AUTOHEADER='${SHELL} /tmp/squeeze/lib/rngstreams/missing --run autoheader'
AUTOMAKE='${SHELL} /tmp/squeeze/lib/rngstreams/missing --run automake-1.10'
AWK='gawk'
CC='gcc'
CCDEPMODE='depmode=gcc3'
CFLAGS='-g -O2'
CPP='gcc -E'
CPPFLAGS=''
CXX='g++'
CXXCPP='g++ -E'
CXXDEPMODE='depmode=gcc3'
CXXFLAGS='-g -O2'
CYGPATH_W='echo'
DEFS='-DHAVE_CONFIG_H'
DEPDIR='.deps'
DSYMUTIL=''
ECHO='echo'
ECHO_C=''
ECHO_N='-n'
ECHO_T=''
EGREP='/usr/bin/grep -E'
EXEEXT=''
F77='gfortran'
FFLAGS='-g -O2'
GREP='/usr/bin/grep'
INSTALL_DATA='${INSTALL} -m 644'
INSTALL_PROGRAM='${INSTALL}'
INSTALL_SCRIPT='${INSTALL}'
INSTALL_STRIP_PROGRAM='$(install_sh) -c -s'
LDFLAGS=''
LIBOBJS=''
LIBS=''
LIBTOOL='$(SHELL) $(top_builddir)/libtool'
LN_S='ln -s'
LTLIBOBJS=''
MAKEINFO='${SHELL} /tmp/squeeze/lib/rngstreams/missing --run makeinfo'
MKDIR_P='/usr/bin/mkdir -p'
NMEDIT=''
OBJEXT='o'
PACKAGE='rngstreams'
PACKAGE_BUGREPORT='unuran@statistik.wu-wien.ac.at'
PACKAGE_NAME='RNGSTREAMS'
PACKAGE_STRING='RNGSTREAMS 1.0.1'
PACKAGE_TARNAME='rngstreams'
PACKAGE_URL=''
PACKAGE_VERSION='1.0.1'
PATH_SEPARATOR=':'
RANLIB='ranlib'
RNGSTREAMS_LT_VERSION='0:0:0'
SED='/usr/bin/sed'
SET_MAKE=''
SHELL='/bin/sh'
STRIP='strip'
VERSION='1.0.1'
ac_ct_CC='gcc'
ac_ct_CXX='g++'
ac_ct_F77='gfortran'
am__fastdepCC_FALSE='#'
am__fastdepCC_TRUE=''
am__fastdepCXX_FALSE='#'
am__fastdepCXX_TRUE=''
am__include='include'
am__isrc=''
am__leading_dot='.'
am__quote=''
am__tar='${AMTAR} chof - "$$tardir"'
am__untar='${AMTAR} xf -'
bindir='${exec_prefix}/bin'
build='x86_64-unknown-linux-gnu'
build_alias=''
build_cpu='x86_64'
build_os='linux-gnu'
build_vendor='unknown'
datadir='${datarootdir}'
datarootdir='${prefix}/share'
docdir='${datarootdir}/doc/${PACKAGE_TARNAME}'
dvidir='${docdir}'
exec_prefix='${prefix}'
host='x86_64-unknown-linux-gnu'
host_alias=''
host_cpu='x86_64'
host_os='linux-gnu'
host_vendor='unknown'
htmldir='${docdir}'
includedir='${prefix}/include'
infodir='${datarootdir}/info'
install_sh='$(SHELL) /tmp/squeeze/lib/rngstreams/install-sh'
libdir='${exec_prefix}/lib'
libexecdir='${exec_prefix}/libexec'
localedir='${datarootdir}/locale'
localstatedir='${prefix}/var'
mandir='${datarootdir}/man'
mkdir_p='/usr/bin/mkdir -p'
oldincludedir='/usr/include'
pdfdir='${docdir}'
prefix='/usr/local'
program_transform_name='s,x,x,'
psdir='${docdir}'
sbindir='${exec_prefix}/sbin'
sharedstatedir='${prefix}/com'
sysconfdir='${prefix}/etc'
target_alias=''

## ----------- ##
## confdefs.h. ##
## ----------- ##

/* confdefs.h */
#define PACKAGE_NAME "RNGSTREAMS"
#define PACKAGE_TARNAME "rngstreams"
#define PACKAGE_VERSION "1.0.1"
#define PACKAGE_STRING "RNGSTREAMS 1.0.1"
#define PACKAGE_BUGREPORT "unuran@statistik.wu-wien.ac.at"
#define PACKAGE_URL ""
#define PACKAGE "rngstreams"
#define VERSION "1.0.1"
#define STDC_HEADERS 1
#define HAVE_SYS_TYPES_H 1
#define HAVE_SYS_STAT_H 1
#define HAVE_STDLIB_H 1
#define HAVE_STRING_H 1
#define HAVE_MEMORY_H 1
#define HAVE_STRINGS_H 1
#define HAVE_INTTYPES_H 1
#define HAVE_STDINT_H 1
#define HAVE_UNISTD_H 1
#define HAVE_DLFCN_H 1
#define STDC_HEADERS 1
#define HAVE_LIMITS_H 1
#define HAVE_MALLOC_H 1
#define HAVE_SYS_TIME_H 1

configure: exit 0

## ---------------------- ##
## Running config.status. ##
## ---------------------- ##

This file was extended by RNGSTREAMS config.status 1.0.1, which was
generated by GNU Autoconf 2.69.  Invocation command line was

  CONFIG_FILES    = 
  CONFIG_HEADERS  = 
  CONFIG_LINKS    = 
  CONFIG_COMMANDS = 
  $ ./config.status 

on voyager

config.status:882: creating Makefile
config.status:882: creating src/Makefile
config.status:882: creating doc/Makefile
config.status:882: creating tests/Makefile
config.status:882: creating examples/Makefile
config.status:882: creating config.h
config.status:1063: config.h is unchanged
config.status:1111: executing depfiles commands

## ---------------------- ##
## Running config.status. ##
## ---------------------- ##

This file was extended by RNGSTREAMS config.status 1.0.1, which was
generated by GNU Autoconf 2.69.  Invocation command line was

  CONFIG_FILES    = 
  CONFIG_HEADERS  = 
  CONFIG_LINKS    = 
  CONFIG_COMMANDS = 
  $ ./config.status config.h

on voyager

config.status:882: creating config.h
config.status:1063: config.h is unchanged
